<?xml version="1.0" encoding="UTF-8"?>
<robot generator="Robot 7.1.1 (Python 3.12.3 on linux)" generated="2024-12-14T11:29:15.553391" rpa="false" schemaversion="5">
<suite id="s1" name="Player" source="/home/ponto-ws/Documents/projects/robotMusic/webTestings/player.robot">
<test id="s1-t1" name="Deve toca uma musica" line="5">
<kw name="New Browser" owner="Browser">
<msg time="2024-12-14T11:29:15.711892" level="INFO">{"browser": "chromium", "headless": false, "chromiumSandbox": false, "devtools": false, "handleSIGHUP": true, "handleSIGINT": true, "handleSIGTERM": true, "slowMo": 0.0, "timeout": 30000.0, "tracesDir": "/home/ponto-ws/Documents/projects/robotMusic/webTestings/logs/browser/traces/temp/db8845d5-7009-46b6-b7ab-109460b0c429"}</msg>
<msg time="2024-12-14T11:29:15.720960" level="INFO">Starting Browser process /home/ponto-ws/Documents/projects/robotMusic/venv-robot-music/lib/python3.12/site-packages/Browser/wrapper/index.js using port 54279</msg>
<msg time="2024-12-14T11:29:15.721136" level="INFO">Node startup parameters: ['node', '/home/ponto-ws/Documents/projects/robotMusic/venv-robot-music/lib/python3.12/site-packages/Browser/wrapper/index.js', '54279']</msg>
<msg time="2024-12-14T11:29:16.419088" level="INFO">Successfully created browser with options: {"browser":"chromium","headless":false,"chromiumSandbox":false,"devtools":false,"handleSIGHUP":true,"handleSIGINT":true,"handleSIGTERM":true,"slowMo":0,"timeout":30000,"tracesDir":"/home/ponto-ws/Documents/projects/robotMusic/webTestings/logs/browser/traces/temp/db8845d5-7009-46b6-b7ab-109460b0c429"}</msg>
<arg>browser=chromium</arg>
<arg>headless=${False}</arg>
<tag>BrowserControl</tag>
<tag>Setter</tag>
<doc>Create a new playwright Browser with specified options.</doc>
<status status="PASS" start="2024-12-14T11:29:15.710738" elapsed="0.708505"/>
</kw>
<kw name="New Page" owner="Browser">
<msg time="2024-12-14T11:29:16.974213" level="INFO">Successfully initialized new page object and opened url: https://parodify.vercel.app</msg>
<msg time="2024-12-14T11:29:16.974289" level="INFO">No context was open. New context was automatically opened when this page is created.</msg>
<arg>https://parodify.vercel.app</arg>
<tag>BrowserControl</tag>
<tag>Setter</tag>
<doc>Open a new Page.</doc>
<status status="PASS" start="2024-12-14T11:29:16.419835" elapsed="0.554578"/>
</kw>
<kw name="Get Text" owner="Browser">
<msg time="2024-12-14T11:29:17.052684" level="INFO">Text: 'Fernando Papito'</msg>
<arg>css=.logged-user</arg>
<arg>contains</arg>
<arg>Fernando Papito</arg>
<tag>Assertion</tag>
<tag>Getter</tag>
<tag>PageContent</tag>
<doc>Returns text attribute of the element found by ``selector``.</doc>
<status status="PASS" start="2024-12-14T11:29:16.974646" elapsed="0.078159"/>
</kw>
<kw name="Set Variable" owner="BuiltIn">
<msg time="2024-12-14T11:29:17.053244" level="INFO">${play} = xpath=//div[contains(@class, "song")]//h6[text()="Bughium"]/..//button[contains(@class,"play")]</msg>
<var>${play}</var>
<arg>xpath=//div[contains(@class, "song")]//h6[text()="Bughium"]/..//button[contains(@class,"play")]</arg>
<doc>Returns the given values which can then be assigned to a variables.</doc>
<status status="PASS" start="2024-12-14T11:29:17.053015" elapsed="0.000266"/>
</kw>
<kw name="Set Variable" owner="BuiltIn">
<msg time="2024-12-14T11:29:17.053606" level="INFO">${pause} = xpath=//div[contains(@class, "song")]//h6[text()="Bughium"]/..//button[contains(@class,"pause")]</msg>
<var>${pause}</var>
<arg>xpath=//div[contains(@class, "song")]//h6[text()="Bughium"]/..//button[contains(@class,"pause")]</arg>
<doc>Returns the given values which can then be assigned to a variables.</doc>
<status status="PASS" start="2024-12-14T11:29:17.053436" elapsed="0.000197"/>
</kw>
<kw name="Click" owner="Browser">
<msg time="2024-12-14T11:29:17.054186" level="INFO">Clicks the element 'xpath=//div[contains(@class, "song")]//h6[text()="Bughium"]/..//button[contains(@class,"play")]'.</msg>
<arg>${play}</arg>
<tag>PageContent</tag>
<tag>Setter</tag>
<doc>Simulates mouse click on the element found by ``selector``.</doc>
<status status="PASS" start="2024-12-14T11:29:17.053776" elapsed="0.205106"/>
</kw>
<kw name="Wait For Elements State" owner="Browser">
<msg time="2024-12-14T11:29:17.494983" level="INFO">Waited for Element with selector xpath=//div[contains(@class, "song")]//h6[text()="Bughium"]/..//button[contains(@class,"pause")] at state visible</msg>
<arg>${pause}</arg>
<arg>visible</arg>
<arg>2</arg>
<tag>PageContent</tag>
<tag>Wait</tag>
<doc>Waits for the element found by ``selector`` to satisfy state option.</doc>
<status status="PASS" start="2024-12-14T11:29:17.259328" elapsed="0.235811"/>
</kw>
<kw name="Sleep" owner="BuiltIn">
<msg time="2024-12-14T11:29:22.495958" level="INFO">Slept 5 seconds.</msg>
<arg>5</arg>
<doc>Pauses the test executed for the given time.</doc>
<status status="PASS" start="2024-12-14T11:29:17.495426" elapsed="5.000861"/>
</kw>
<status status="PASS" start="2024-12-14T11:29:15.709789" elapsed="6.787144"/>
</test>
<status status="PASS" start="2024-12-14T11:29:15.555068" elapsed="7.021868"/>
</suite>
<statistics>
<total>
<stat pass="1" fail="0" skip="0">All Tests</stat>
</total>
<tag>
</tag>
<suite>
<stat pass="1" fail="0" skip="0" id="s1" name="Player">Player</stat>
</suite>
</statistics>
<errors>
</errors>
</robot>
